<?xml version="1.0" encoding="UTF-8"?>
<testsuite xmlns:xsi="http://www.w3.org/2001/XMLSchema-instance" xsi:noNamespaceSchemaLocation="https://maven.apache.org/surefire/maven-surefire-plugin/xsd/surefire-test-report-3.0.xsd" version="3.0" name="br.ufrn.imd.MatriculaTest" time="0.097" tests="35" errors="0" skipped="0" failures="0">
  <properties>
    <property name="java.specification.version" value="17"/>
    <property name="sun.jnu.encoding" value="UTF-8"/>
    <property name="java.class.path" value="/home/lourrayni/Documents/automatizacao_tdd/meu-projeto/target/test-classes:/home/lourrayni/Documents/automatizacao_tdd/meu-projeto/target/classes:/home/lourrayni/.m2/repository/org/junit/jupiter/junit-jupiter-api/5.9.3/junit-jupiter-api-5.9.3.jar:/home/lourrayni/.m2/repository/org/opentest4j/opentest4j/1.2.0/opentest4j-1.2.0.jar:/home/lourrayni/.m2/repository/org/junit/platform/junit-platform-commons/1.9.3/junit-platform-commons-1.9.3.jar:/home/lourrayni/.m2/repository/org/apiguardian/apiguardian-api/1.1.2/apiguardian-api-1.1.2.jar:/home/lourrayni/.m2/repository/org/junit/jupiter/junit-jupiter-engine/5.9.3/junit-jupiter-engine-5.9.3.jar:/home/lourrayni/.m2/repository/org/junit/platform/junit-platform-engine/1.9.3/junit-platform-engine-1.9.3.jar:/home/lourrayni/.m2/repository/org/junit/jupiter/junit-jupiter-params/5.9.3/junit-jupiter-params-5.9.3.jar:"/>
    <property name="java.vm.vendor" value="Ubuntu"/>
    <property name="sun.arch.data.model" value="64"/>
    <property name="java.vendor.url" value="https://ubuntu.com/"/>
    <property name="user.country.format" value="BR"/>
    <property name="os.name" value="Linux"/>
    <property name="java.vm.specification.version" value="17"/>
    <property name="sun.java.launcher" value="SUN_STANDARD"/>
    <property name="user.country" value="US"/>
    <property name="sun.boot.library.path" value="/usr/lib/jvm/java-17-openjdk-amd64/lib"/>
    <property name="sun.java.command" value="/home/lourrayni/Documents/automatizacao_tdd/meu-projeto/target/surefire/surefirebooter-20250919182838102_3.jar /home/lourrayni/Documents/automatizacao_tdd/meu-projeto/target/surefire 2025-09-19T18-28-38_060-jvmRun1 surefire-20250919182838102_1tmp surefire_0-20250919182838102_2tmp"/>
    <property name="jdk.debug" value="release"/>
    <property name="surefire.test.class.path" value="/home/lourrayni/Documents/automatizacao_tdd/meu-projeto/target/test-classes:/home/lourrayni/Documents/automatizacao_tdd/meu-projeto/target/classes:/home/lourrayni/.m2/repository/org/junit/jupiter/junit-jupiter-api/5.9.3/junit-jupiter-api-5.9.3.jar:/home/lourrayni/.m2/repository/org/opentest4j/opentest4j/1.2.0/opentest4j-1.2.0.jar:/home/lourrayni/.m2/repository/org/junit/platform/junit-platform-commons/1.9.3/junit-platform-commons-1.9.3.jar:/home/lourrayni/.m2/repository/org/apiguardian/apiguardian-api/1.1.2/apiguardian-api-1.1.2.jar:/home/lourrayni/.m2/repository/org/junit/jupiter/junit-jupiter-engine/5.9.3/junit-jupiter-engine-5.9.3.jar:/home/lourrayni/.m2/repository/org/junit/platform/junit-platform-engine/1.9.3/junit-platform-engine-1.9.3.jar:/home/lourrayni/.m2/repository/org/junit/jupiter/junit-jupiter-params/5.9.3/junit-jupiter-params-5.9.3.jar:"/>
    <property name="sun.cpu.endian" value="little"/>
    <property name="user.home" value="/home/lourrayni"/>
    <property name="user.language" value="en"/>
    <property name="java.specification.vendor" value="Oracle Corporation"/>
    <property name="java.version.date" value="2025-07-15"/>
    <property name="java.home" value="/usr/lib/jvm/java-17-openjdk-amd64"/>
    <property name="file.separator" value="/"/>
    <property name="basedir" value="/home/lourrayni/Documents/automatizacao_tdd/meu-projeto"/>
    <property name="java.vm.compressedOopsMode" value="Zero based"/>
    <property name="line.separator" value="&#10;"/>
    <property name="java.specification.name" value="Java Platform API Specification"/>
    <property name="java.vm.specification.vendor" value="Oracle Corporation"/>
    <property name="surefire.real.class.path" value="/home/lourrayni/Documents/automatizacao_tdd/meu-projeto/target/surefire/surefirebooter-20250919182838102_3.jar"/>
    <property name="sun.management.compiler" value="HotSpot 64-Bit Tiered Compilers"/>
    <property name="java.runtime.version" value="17.0.16+8-Ubuntu-0ubuntu122.04.1"/>
    <property name="user.name" value="lourrayni"/>
    <property name="path.separator" value=":"/>
    <property name="os.version" value="6.8.0-79-generic"/>
    <property name="java.runtime.name" value="OpenJDK Runtime Environment"/>
    <property name="file.encoding" value="UTF-8"/>
    <property name="java.vm.name" value="OpenJDK 64-Bit Server VM"/>
    <property name="localRepository" value="/home/lourrayni/.m2/repository"/>
    <property name="java.vendor.url.bug" value="https://bugs.launchpad.net/ubuntu/+source/openjdk-17"/>
    <property name="java.io.tmpdir" value="/tmp"/>
    <property name="java.version" value="17.0.16"/>
    <property name="user.dir" value="/home/lourrayni/Documents/automatizacao_tdd/meu-projeto"/>
    <property name="os.arch" value="amd64"/>
    <property name="java.vm.specification.name" value="Java Virtual Machine Specification"/>
    <property name="user.language.format" value="pt"/>
    <property name="native.encoding" value="UTF-8"/>
    <property name="java.library.path" value="/usr/java/packages/lib:/usr/lib/x86_64-linux-gnu/jni:/lib/x86_64-linux-gnu:/usr/lib/x86_64-linux-gnu:/usr/lib/jni:/lib:/usr/lib"/>
    <property name="java.vm.info" value="mixed mode, sharing"/>
    <property name="java.vendor" value="Ubuntu"/>
    <property name="java.vm.version" value="17.0.16+8-Ubuntu-0ubuntu122.04.1"/>
    <property name="java.specification.maintenance.version" value="1"/>
    <property name="sun.io.unicode.encoding" value="UnicodeLittle"/>
    <property name="java.class.version" value="61.0"/>
  </properties>
  <testcase name="deveExibirExcessaoParaNotaErrada(BigDecimal, BigDecimal, BigDecimal)[1]" classname="br.ufrn.imd.MatriculaTest" time="0.015"/>
  <testcase name="deveExibirExcessaoParaNotaErrada(BigDecimal, BigDecimal, BigDecimal)[2]" classname="br.ufrn.imd.MatriculaTest" time="0.001"/>
  <testcase name="deveExibirExcessaoParaNotaErrada(BigDecimal, BigDecimal, BigDecimal)[3]" classname="br.ufrn.imd.MatriculaTest" time="0.0"/>
  <testcase name="deveExibirExcessaoParaNotaErrada(BigDecimal, BigDecimal, BigDecimal)[4]" classname="br.ufrn.imd.MatriculaTest" time="0.0"/>
  <testcase name="deveExibirExcessaoParaNotaErrada(BigDecimal, BigDecimal, BigDecimal)[5]" classname="br.ufrn.imd.MatriculaTest" time="0.001"/>
  <testcase name="deveExibirExcessaoParaNotaErrada(BigDecimal, BigDecimal, BigDecimal)[6]" classname="br.ufrn.imd.MatriculaTest" time="0.001"/>
  <testcase name="deveExibirExcessaoParaNotaErrada(BigDecimal, BigDecimal, BigDecimal)[7]" classname="br.ufrn.imd.MatriculaTest" time="0.0"/>
  <testcase name="deveExibirExcessaoParaNotaErrada(BigDecimal, BigDecimal, BigDecimal)[8]" classname="br.ufrn.imd.MatriculaTest" time="0.0"/>
  <testcase name="deveExibirExcessaoParaNotaErrada(BigDecimal, BigDecimal, BigDecimal)[9]" classname="br.ufrn.imd.MatriculaTest" time="0.003"/>
  <testcase name="deveExibirExcessaoParaNotaErrada(BigDecimal, BigDecimal, BigDecimal)[10]" classname="br.ufrn.imd.MatriculaTest" time="0.001"/>
  <testcase name="deveExibirExcessaoParaFrequenciaErrada(int)[1]" classname="br.ufrn.imd.MatriculaTest" time="0.001"/>
  <testcase name="deveExibirExcessaoParaFrequenciaErrada(int)[2]" classname="br.ufrn.imd.MatriculaTest" time="0.0"/>
  <testcase name="deveExibirExcessaoParaFrequenciaErrada(int)[3]" classname="br.ufrn.imd.MatriculaTest" time="0.0"/>
  <testcase name="deveExibirExcessaoParaFrequenciaErrada(int)[4]" classname="br.ufrn.imd.MatriculaTest" time="0.0"/>
  <testcase name="deveExibirExcessaoParaFrequenciaErrada(int)[5]" classname="br.ufrn.imd.MatriculaTest" time="0.001"/>
  <testcase name="deveExibirExcessaoParaFrequenciaErrada(int)[6]" classname="br.ufrn.imd.MatriculaTest" time="0.0"/>
  <testcase name="deveCalcularMediaParcial(BigDecimal, BigDecimal, BigDecimal, int, StatusAprovacao)[1]" classname="br.ufrn.imd.MatriculaTest" time="0.001"/>
  <testcase name="deveCalcularMediaParcial(BigDecimal, BigDecimal, BigDecimal, int, StatusAprovacao)[2]" classname="br.ufrn.imd.MatriculaTest" time="0.001"/>
  <testcase name="deveCalcularMediaParcial(BigDecimal, BigDecimal, BigDecimal, int, StatusAprovacao)[3]" classname="br.ufrn.imd.MatriculaTest" time="0.001"/>
  <testcase name="deveCalcularMediaParcial(BigDecimal, BigDecimal, BigDecimal, int, StatusAprovacao)[4]" classname="br.ufrn.imd.MatriculaTest" time="0.001"/>
  <testcase name="deveCalcularMediaParcial(BigDecimal, BigDecimal, BigDecimal, int, StatusAprovacao)[5]" classname="br.ufrn.imd.MatriculaTest" time="0.001"/>
  <testcase name="deveCalcularMediaParcial(BigDecimal, BigDecimal, BigDecimal, int, StatusAprovacao)[6]" classname="br.ufrn.imd.MatriculaTest" time="0.001"/>
  <testcase name="deveCalcularMediaParcial(BigDecimal, BigDecimal, BigDecimal, int, StatusAprovacao)[7]" classname="br.ufrn.imd.MatriculaTest" time="0.001"/>
  <testcase name="deveCalcularMediaParcial(BigDecimal, BigDecimal, BigDecimal, int, StatusAprovacao)[8]" classname="br.ufrn.imd.MatriculaTest" time="0.001"/>
  <testcase name="deveCalcularMediaParcial(BigDecimal, BigDecimal, BigDecimal, int, StatusAprovacao)[9]" classname="br.ufrn.imd.MatriculaTest" time="0.001"/>
  <testcase name="deveCalcularMediaParcial(BigDecimal, BigDecimal, BigDecimal, int, StatusAprovacao)[10]" classname="br.ufrn.imd.MatriculaTest" time="0.001"/>
  <testcase name="deveCalcularMediaParcial(BigDecimal, BigDecimal, BigDecimal, int, StatusAprovacao)[11]" classname="br.ufrn.imd.MatriculaTest" time="0.001"/>
  <testcase name="deveCalcularMediaParcial(BigDecimal, BigDecimal, BigDecimal, int, StatusAprovacao)[12]" classname="br.ufrn.imd.MatriculaTest" time="0.001"/>
  <testcase name="deveCalcularMediaParcial(BigDecimal, BigDecimal, BigDecimal, int, StatusAprovacao)[13]" classname="br.ufrn.imd.MatriculaTest" time="0.001"/>
  <testcase name="deveCalcularMediaParcial(BigDecimal, BigDecimal, BigDecimal, int, StatusAprovacao)[14]" classname="br.ufrn.imd.MatriculaTest" time="0.001"/>
  <testcase name="deveCalcularMediaParcial(BigDecimal, BigDecimal, BigDecimal, int, StatusAprovacao)[15]" classname="br.ufrn.imd.MatriculaTest" time="0.0"/>
  <testcase name="deveCalcularMediaParcial(BigDecimal, BigDecimal, BigDecimal, int, StatusAprovacao)[16]" classname="br.ufrn.imd.MatriculaTest" time="0.001"/>
  <testcase name="deveCalcularMediaParcial(BigDecimal, BigDecimal, BigDecimal, int, StatusAprovacao)[17]" classname="br.ufrn.imd.MatriculaTest" time="0.0"/>
  <testcase name="deveCalcularMediaParcial(BigDecimal, BigDecimal, BigDecimal, int, StatusAprovacao)[18]" classname="br.ufrn.imd.MatriculaTest" time="0.0"/>
  <testcase name="deveCalcularMediaParcial(BigDecimal, BigDecimal, BigDecimal, int, StatusAprovacao)[19]" classname="br.ufrn.imd.MatriculaTest" time="0.0"/>
</testsuite>